c:\users\aaron\rackafx projects\pancake\rafx2 winbuild\build\vc141.pdb
c:\users\aaron\rackafx projects\pancake\rafx2 winbuild\build\vc141.idb
c:\users\aaron\rackafx projects\pancake\rafx2 winbuild\build\vstgui_uidescription_win32.obj
c:\users\aaron\rackafx projects\pancake\rafx2 winbuild\build\vstgui_win32.obj
c:\users\aaron\rackafx projects\pancake\rafx2 winbuild\build\customcontrols.obj
c:\users\aaron\rackafx projects\pancake\rafx2 winbuild\build\customviews.obj
c:\users\aaron\rackafx projects\pancake\rafx2 winbuild\build\pluginbase.obj
c:\users\aaron\rackafx projects\pancake\rafx2 winbuild\build\plugincore.obj
c:\users\aaron\rackafx projects\pancake\rafx2 winbuild\build\plugingui.obj
c:\users\aaron\rackafx projects\pancake\rafx2 winbuild\build\pluginparameter.obj
c:\users\aaron\rackafx projects\pancake\rafx2 winbuild\build\fxobjects.obj
c:\users\aaron\rackafx projects\pancake\rafx2 winbuild\build\rackafxdll.obj
c:\users\aaron\rackafx projects\pancake\rafx2 winbuild\build\rafx2plugin.obj
c:\users\aaron\rackafx projects\pancake\rafx2 winbuild\build\rafx2pluginbase.obj
c:\users\aaron\rackafx projects\pancake\rafx2 winbuild\build\pancake.pdb
c:\users\aaron\rackafx projects\pancake\rafx2 winbuild\build\pancake.lib
c:\users\aaron\rackafx projects\pancake\rafx2 winbuild\build\pancake.exp
c:\users\aaron\rackafx projects\pancake\rafx2 winbuild\build\pluginguimain.res
c:\users\aaron\appdata\roaming\rackafx 7.0\plugins\pancake.pdb
c:\users\aaron\appdata\roaming\rackafx 7.0\plugins\pancake.rafx2
c:\users\aaron\rackafx projects\pancake\rafx2 winbuild\build\pancake.tlog\cl.command.1.tlog
c:\users\aaron\rackafx projects\pancake\rafx2 winbuild\build\pancake.tlog\cl.read.1.tlog
c:\users\aaron\rackafx projects\pancake\rafx2 winbuild\build\pancake.tlog\cl.write.1.tlog
c:\users\aaron\rackafx projects\pancake\rafx2 winbuild\build\pancake.tlog\link.command.1.tlog
c:\users\aaron\rackafx projects\pancake\rafx2 winbuild\build\pancake.tlog\link.read.1.tlog
c:\users\aaron\rackafx projects\pancake\rafx2 winbuild\build\pancake.tlog\link.write.1.tlog
c:\users\aaron\rackafx projects\pancake\rafx2 winbuild\build\pancake.tlog\pancake.write.1u.tlog
c:\users\aaron\rackafx projects\pancake\rafx2 winbuild\build\pancake.tlog\rc.command.1.tlog
c:\users\aaron\rackafx projects\pancake\rafx2 winbuild\build\pancake.tlog\rc.read.1.tlog
c:\users\aaron\rackafx projects\pancake\rafx2 winbuild\build\pancake.tlog\rc.write.1.tlog
